/home/madrenegade/Projects/CPP/PGameStudio/src/Graphics/Graphics/SystemScene.cpp:45: warning: no uniquely matching class member found for 
  void Graphics::SystemScene::addOptionsTo(const boost::shared_ptr< Utilities::Properties::Utilities::Properties::PropertyManager > &properties) const
Possible candidates:
  virtual void Core::SystemScene::addOptionsTo(const boost::shared_ptr< Utilities::Properties::PropertyManager > &properties) const =0 at line 57 of file /home/madrenegade/Projects/CPP/PGameStudio/src/Core/Core/Scene/SystemScene.h
  virtual void Graphics::SystemScene::addOptionsTo(const boost::shared_ptr< Utilities::Properties::PropertyManager > &properties) const  at line 24 of file /home/madrenegade/Projects/CPP/PGameStudio/src/Graphics/Graphics/SystemScene.h
  virtual void Input::SystemScene::addOptionsTo(const boost::shared_ptr< Utilities::Properties::PropertyManager > &properties) const  at line 30 of file /home/madrenegade/Projects/CPP/PGameStudio/src/Input/Input/SystemScene.h
  virtual void Scripting::SystemScene::addOptionsTo(const boost::shared_ptr< Utilities::Properties::PropertyManager > &properties) const  at line 23 of file /home/madrenegade/Projects/CPP/PGameStudio/src/Scripting/Scripting/SystemScene.h

/home/madrenegade/Projects/CPP/PGameStudio/src/MemoryProfiler/MemoryProfiler-build-desktop/moc_mainwindow.cpp:43: warning: documented function `const QMetaObject MainWindow::staticMetaObject' was not declared or defined.
/home/madrenegade/Projects/CPP/PGameStudio/src/MemoryProfiler/MemoryProfiler-build-desktop/moc_mainwindow.cpp:50: warning: documented function `const QMetaObject * MainWindow::metaObject' was not declared or defined.
/home/madrenegade/Projects/CPP/PGameStudio/src/MemoryProfiler/MemoryProfiler-build-desktop/moc_mainwindow.cpp:55: warning: documented function `void * MainWindow::qt_metacast' was not declared or defined.
/home/madrenegade/Projects/CPP/PGameStudio/src/MemoryProfiler/MemoryProfiler-build-desktop/moc_mainwindow.cpp:63: warning: documented function `int MainWindow::qt_metacall' was not declared or defined.
/home/madrenegade/Projects/CPP/PGameStudio/src/MemoryProfiler/MemoryProfiler-build-desktop/release/moc_aboutdialog.cpp:43: warning: documented function `const QMetaObject AboutDialog::staticMetaObject' was not declared or defined.
/home/madrenegade/Projects/CPP/PGameStudio/src/MemoryProfiler/MemoryProfiler-build-desktop/release/moc_aboutdialog.cpp:50: warning: documented function `const QMetaObject * AboutDialog::metaObject' was not declared or defined.
/home/madrenegade/Projects/CPP/PGameStudio/src/MemoryProfiler/MemoryProfiler-build-desktop/release/moc_aboutdialog.cpp:55: warning: documented function `void * AboutDialog::qt_metacast' was not declared or defined.
/home/madrenegade/Projects/CPP/PGameStudio/src/MemoryProfiler/MemoryProfiler-build-desktop/release/moc_aboutdialog.cpp:63: warning: documented function `int AboutDialog::qt_metacall' was not declared or defined.
/home/madrenegade/Projects/CPP/PGameStudio/src/MemoryProfiler/MemoryProfiler-build-desktop/release/moc_mainwindow.cpp:49: warning: documented function `const QMetaObject MainWindow::staticMetaObject' was not declared or defined.
/home/madrenegade/Projects/CPP/PGameStudio/src/MemoryProfiler/MemoryProfiler-build-desktop/release/moc_mainwindow.cpp:56: warning: documented function `const QMetaObject * MainWindow::metaObject' was not declared or defined.
/home/madrenegade/Projects/CPP/PGameStudio/src/MemoryProfiler/MemoryProfiler-build-desktop/release/moc_mainwindow.cpp:61: warning: documented function `void * MainWindow::qt_metacast' was not declared or defined.
/home/madrenegade/Projects/CPP/PGameStudio/src/MemoryProfiler/MemoryProfiler-build-desktop/release/moc_mainwindow.cpp:71: warning: documented function `int MainWindow::qt_metacall' was not declared or defined.
/home/madrenegade/Projects/CPP/PGameStudio/src/MemoryProfiler/MemoryProfiler-build-desktop/release/moc_serverthread.cpp:43: warning: documented function `const QMetaObject ServerThread::staticMetaObject' was not declared or defined.
/home/madrenegade/Projects/CPP/PGameStudio/src/MemoryProfiler/MemoryProfiler-build-desktop/release/moc_serverthread.cpp:50: warning: documented function `const QMetaObject * ServerThread::metaObject' was not declared or defined.
/home/madrenegade/Projects/CPP/PGameStudio/src/MemoryProfiler/MemoryProfiler-build-desktop/release/moc_serverthread.cpp:55: warning: documented function `void * ServerThread::qt_metacast' was not declared or defined.
/home/madrenegade/Projects/CPP/PGameStudio/src/MemoryProfiler/MemoryProfiler-build-desktop/release/moc_serverthread.cpp:63: warning: documented function `int ServerThread::qt_metacall' was not declared or defined.
/home/madrenegade/Projects/CPP/PGameStudio/src/PGSEditor-build-desktop/moc_assetimportwizard.cpp:46: warning: documented function `const QMetaObject AssetImportWizard::staticMetaObject' was not declared or defined.
/home/madrenegade/Projects/CPP/PGameStudio/src/PGSEditor-build-desktop/moc_assetimportwizard.cpp:53: warning: documented function `const QMetaObject * AssetImportWizard::metaObject' was not declared or defined.
/home/madrenegade/Projects/CPP/PGameStudio/src/PGSEditor-build-desktop/moc_assetimportwizard.cpp:58: warning: documented function `void * AssetImportWizard::qt_metacast' was not declared or defined.
/home/madrenegade/Projects/CPP/PGameStudio/src/PGSEditor-build-desktop/moc_assetimportwizard.cpp:66: warning: documented function `int AssetImportWizard::qt_metacall' was not declared or defined.
/home/madrenegade/Projects/CPP/PGameStudio/src/PGSEditor-build-desktop/moc_controller.cpp:60: warning: documented function `const QMetaObject Controller::staticMetaObject' was not declared or defined.
/home/madrenegade/Projects/CPP/PGameStudio/src/PGSEditor-build-desktop/moc_controller.cpp:67: warning: documented function `const QMetaObject * Controller::metaObject' was not declared or defined.
/home/madrenegade/Projects/CPP/PGameStudio/src/PGSEditor-build-desktop/moc_controller.cpp:72: warning: documented function `void * Controller::qt_metacast' was not declared or defined.
/home/madrenegade/Projects/CPP/PGameStudio/src/PGSEditor-build-desktop/moc_controller.cpp:80: warning: documented function `int Controller::qt_metacall' was not declared or defined.
/home/madrenegade/Projects/CPP/PGameStudio/src/PGSEditor-build-desktop/moc_mainwindow.cpp:49: warning: documented function `const QMetaObject MainWindow::staticMetaObject' was not declared or defined.
/home/madrenegade/Projects/CPP/PGameStudio/src/PGSEditor-build-desktop/moc_mainwindow.cpp:56: warning: documented function `const QMetaObject * MainWindow::metaObject' was not declared or defined.
/home/madrenegade/Projects/CPP/PGameStudio/src/PGSEditor-build-desktop/moc_mainwindow.cpp:61: warning: documented function `void * MainWindow::qt_metacast' was not declared or defined.
/home/madrenegade/Projects/CPP/PGameStudio/src/PGSEditor-build-desktop/moc_mainwindow.cpp:69: warning: documented function `int MainWindow::qt_metacall' was not declared or defined.
/home/madrenegade/Projects/CPP/PGameStudio/src/PGSEditor-build-desktop/moc_multiviewwidget.cpp:43: warning: documented function `const QMetaObject MultiViewWidget::staticMetaObject' was not declared or defined.
/home/madrenegade/Projects/CPP/PGameStudio/src/PGSEditor-build-desktop/moc_multiviewwidget.cpp:50: warning: documented function `const QMetaObject * MultiViewWidget::metaObject' was not declared or defined.
/home/madrenegade/Projects/CPP/PGameStudio/src/PGSEditor-build-desktop/moc_multiviewwidget.cpp:55: warning: documented function `void * MultiViewWidget::qt_metacast' was not declared or defined.
/home/madrenegade/Projects/CPP/PGameStudio/src/PGSEditor-build-desktop/moc_multiviewwidget.cpp:63: warning: documented function `int MultiViewWidget::qt_metacall' was not declared or defined.
/home/madrenegade/Projects/CPP/PGameStudio/src/PGSEditor-build-desktop/moc_newscenewizard.cpp:43: warning: documented function `const QMetaObject NewSceneWizard::staticMetaObject' was not declared or defined.
/home/madrenegade/Projects/CPP/PGameStudio/src/PGSEditor-build-desktop/moc_newscenewizard.cpp:50: warning: documented function `const QMetaObject * NewSceneWizard::metaObject' was not declared or defined.
/home/madrenegade/Projects/CPP/PGameStudio/src/PGSEditor-build-desktop/moc_newscenewizard.cpp:55: warning: documented function `void * NewSceneWizard::qt_metacast' was not declared or defined.
/home/madrenegade/Projects/CPP/PGameStudio/src/PGSEditor-build-desktop/moc_newscenewizard.cpp:63: warning: documented function `int NewSceneWizard::qt_metacall' was not declared or defined.
/home/madrenegade/Projects/CPP/PGameStudio/src/PGSEditor-build-desktop/moc_openglrenderingwidget.cpp:43: warning: documented function `const QMetaObject OpenGLRenderingWidget::staticMetaObject' was not declared or defined.
/home/madrenegade/Projects/CPP/PGameStudio/src/PGSEditor-build-desktop/moc_openglrenderingwidget.cpp:50: warning: documented function `const QMetaObject * OpenGLRenderingWidget::metaObject' was not declared or defined.
/home/madrenegade/Projects/CPP/PGameStudio/src/PGSEditor-build-desktop/moc_openglrenderingwidget.cpp:55: warning: documented function `void * OpenGLRenderingWidget::qt_metacast' was not declared or defined.
/home/madrenegade/Projects/CPP/PGameStudio/src/PGSEditor-build-desktop/moc_openglrenderingwidget.cpp:63: warning: documented function `int OpenGLRenderingWidget::qt_metacall' was not declared or defined.
/home/madrenegade/Projects/CPP/PGameStudio/src/PGSEditor-build-desktop/moc_renderingdockwidget.cpp:43: warning: documented function `const QMetaObject RenderingDockWidget::staticMetaObject' was not declared or defined.
/home/madrenegade/Projects/CPP/PGameStudio/src/PGSEditor-build-desktop/moc_renderingdockwidget.cpp:50: warning: documented function `const QMetaObject * RenderingDockWidget::metaObject' was not declared or defined.
/home/madrenegade/Projects/CPP/PGameStudio/src/PGSEditor-build-desktop/moc_renderingdockwidget.cpp:55: warning: documented function `void * RenderingDockWidget::qt_metacast' was not declared or defined.
/home/madrenegade/Projects/CPP/PGameStudio/src/PGSEditor-build-desktop/moc_renderingdockwidget.cpp:63: warning: documented function `int RenderingDockWidget::qt_metacall' was not declared or defined.
/home/madrenegade/Projects/CPP/PGameStudio/src/PGSEditor-build-desktop/moc_renderingviewwidget.cpp:43: warning: documented function `const QMetaObject RenderingViewWidget::staticMetaObject' was not declared or defined.
/home/madrenegade/Projects/CPP/PGameStudio/src/PGSEditor-build-desktop/moc_renderingviewwidget.cpp:50: warning: documented function `const QMetaObject * RenderingViewWidget::metaObject' was not declared or defined.
/home/madrenegade/Projects/CPP/PGameStudio/src/PGSEditor-build-desktop/moc_renderingviewwidget.cpp:55: warning: documented function `void * RenderingViewWidget::qt_metacast' was not declared or defined.
/home/madrenegade/Projects/CPP/PGameStudio/src/PGSEditor-build-desktop/moc_renderingviewwidget.cpp:63: warning: documented function `int RenderingViewWidget::qt_metacall' was not declared or defined.
/home/madrenegade/Projects/CPP/PGameStudio/src/PGSEditor-build-desktop/moc_scene.cpp:43: warning: documented function `const QMetaObject Scene::staticMetaObject' was not declared or defined.
/home/madrenegade/Projects/CPP/PGameStudio/src/PGSEditor-build-desktop/moc_scene.cpp:50: warning: documented function `const QMetaObject * Scene::metaObject' was not declared or defined.
/home/madrenegade/Projects/CPP/PGameStudio/src/PGSEditor-build-desktop/moc_scene.cpp:55: warning: documented function `void * Scene::qt_metacast' was not declared or defined.
/home/madrenegade/Projects/CPP/PGameStudio/src/PGSEditor-build-desktop/moc_scene.cpp:63: warning: documented function `int Scene::qt_metacall' was not declared or defined.
/home/madrenegade/Projects/CPP/PGameStudio/src/PGSEditor-build-desktop/moc_scenedockwidget.cpp:50: warning: documented function `const QMetaObject SceneDockWidget::staticMetaObject' was not declared or defined.
/home/madrenegade/Projects/CPP/PGameStudio/src/PGSEditor-build-desktop/moc_scenedockwidget.cpp:57: warning: documented function `const QMetaObject * SceneDockWidget::metaObject' was not declared or defined.
/home/madrenegade/Projects/CPP/PGameStudio/src/PGSEditor-build-desktop/moc_scenedockwidget.cpp:62: warning: documented function `void * SceneDockWidget::qt_metacast' was not declared or defined.
/home/madrenegade/Projects/CPP/PGameStudio/src/PGSEditor-build-desktop/moc_scenedockwidget.cpp:70: warning: documented function `int SceneDockWidget::qt_metacall' was not declared or defined.
/home/madrenegade/Projects/CPP/PGameStudio/src/PGSEditor-build-desktop/moc_singleviewwidget.cpp:43: warning: documented function `const QMetaObject SingleViewWidget::staticMetaObject' was not declared or defined.
/home/madrenegade/Projects/CPP/PGameStudio/src/PGSEditor-build-desktop/moc_singleviewwidget.cpp:50: warning: documented function `const QMetaObject * SingleViewWidget::metaObject' was not declared or defined.
/home/madrenegade/Projects/CPP/PGameStudio/src/PGSEditor-build-desktop/moc_singleviewwidget.cpp:55: warning: documented function `void * SingleViewWidget::qt_metacast' was not declared or defined.
/home/madrenegade/Projects/CPP/PGameStudio/src/PGSEditor-build-desktop/moc_singleviewwidget.cpp:63: warning: documented function `int SingleViewWidget::qt_metacall' was not declared or defined.
/home/madrenegade/Projects/CPP/PGameStudio/src/PGSEditor-build-desktop/moc_systemsdockwidget.cpp:43: warning: documented function `const QMetaObject SystemsDockWidget::staticMetaObject' was not declared or defined.
/home/madrenegade/Projects/CPP/PGameStudio/src/PGSEditor-build-desktop/moc_systemsdockwidget.cpp:50: warning: documented function `const QMetaObject * SystemsDockWidget::metaObject' was not declared or defined.
/home/madrenegade/Projects/CPP/PGameStudio/src/PGSEditor-build-desktop/moc_systemsdockwidget.cpp:55: warning: documented function `void * SystemsDockWidget::qt_metacast' was not declared or defined.
/home/madrenegade/Projects/CPP/PGameStudio/src/PGSEditor-build-desktop/moc_systemsdockwidget.cpp:63: warning: documented function `int SystemsDockWidget::qt_metacall' was not declared or defined.
/home/madrenegade/Projects/CPP/PGameStudio/src/Core/Core/Scene/SceneLoader.h:59: warning: argument 'name' of command @param is not found in the argument list of Core::SceneLoader::loadScene(const char *const filename) const
/home/madrenegade/Projects/CPP/PGameStudio/src/Core/Core/Scene/SceneLoader.h:59: warning: The following parameters of Core::SceneLoader::loadScene(const char *const filename) const are not documented:
  parameter 'filename'
/home/madrenegade/Projects/CPP/PGameStudio/src/MemoryProfiler/memprof/memprof/client.h:34: warning: The following parameters of memprof::client::send_allocation_info(const StackTrace &stacktrace, size_t bytes, size_t poolID) are not documented:
  parameter 'poolID'
